#
# A fatal error has been detected by the Java Runtime Environment:
#
#  EXCEPTION_ACCESS_VIOLATION (0xc0000005) at pc=0x0000000062ff7e81, pid=8460, tid=0x0000000000002064
#
# JRE version: OpenJDK Runtime Environment (8.0_112-b06) (build 1.8.0_112-release-b06)
# Java VM: OpenJDK 64-Bit Server VM (25.112-b06 mixed mode windows-amd64 compressed oops)
# Problematic frame:
# V  [jvm.dll+0x4d7e81]
#
# Failed to write core dump. Minidumps are not enabled by default on client versions of Windows
#
# If you would like to submit a bug report, please visit:
#   http://bugreport.java.com/bugreport/crash.jsp
#

---------------  T H R E A D  ---------------

Current thread (0x00000000563c3800):  JavaThread "C2 CompilerThread1" daemon [_thread_in_native, id=8292, stack(0x0000000057e60000,0x0000000057f60000)]

siginfo: ExceptionCode=0xc0000005, reading address 0x0000040063145648

Registers:
RAX=0x0000040063145648, RBX=0x000000005df09868, RCX=0x000000005df09868, RDX=0x000000005dd26700
RSP=0x0000000057f5be00, RBP=0x0000000000000121, RSI=0x00000000000002b0, RDI=0x0000000057f5c9d0
R8 =0x0000000000000010, R9 =0x0000000000000080, R10=0x0400400010000fe0, R11=0x0000000000000000
R12=0x0000000057f5eb10, R13=0x000000005ce8cc70, R14=0x0000000057f5eb10, R15=0x000000005ce94c58
RIP=0x0000000062ff7e81, EFLAGS=0x0000000000010206

Top of Stack: (sp=0x0000000057f5be00)
0x0000000057f5be00:   0000000057f5c9d0 00000000599c7980
0x0000000057f5be10:   0000000000000029 00000000599c6af8
0x0000000057f5be20:   000000005ce8f050 0000000062f5e3e3
0x0000000057f5be30:   0000000057f5bf30 0000000057f5eb10
0x0000000057f5be40:   0000000000020338 00000000563bc710
0x0000000057f5be50:   000000005b586600 0000000062bbcc4d
0x0000000057f5be60:   0000000057f5bf70 000000005b5866f0
0x0000000057f5be70:   0000000057f5bf70 000000005b5866f0
0x0000000057f5be80:   000000001613a1b8 0000000062c34b01
0x0000000057f5be90:   0000000016141900 00000000563c3800
0x0000000057f5bea0:   00000000563c3800 00000000563c3800
0x0000000057f5beb0:   0000000016140000 0000000000000000
0x0000000057f5bec0:   00000000627072f8 00000000563c3800
0x0000000057f5bed0:   00000000627072f8 0000000057f5eb10
0x0000000057f5bee0:   0000000000000000 0000000063146938
0x0000000057f5bef0:   0000000000000001 0000000057f5c058 

Instructions: (pc=0x0000000062ff7e81)
0x0000000062ff7e61:   64 24 38 85 c0 74 52 8b e8 66 0f 1f 44 00 00 48
0x0000000062ff7e71:   8b 87 10 0a 00 00 48 8b 1c 06 48 8b cb 48 8b 03
0x0000000062ff7e81:   ff 10 3d c8 00 00 00 74 1c 3d d2 00 00 00 74 15
0x0000000062ff7e91:   0f b7 4b 2c 0f b6 c1 24 07 3c 04 74 08 80 e1 1f 


Register to memory mapping:

RAX=0x0000040063145648 is an unknown value
RBX=0x000000005df09868 is an unknown value
RCX=0x000000005df09868 is an unknown value
RDX=0x000000005dd26700 is an unknown value
RSP=0x0000000057f5be00 is pointing into the stack for thread: 0x00000000563c3800
RBP=0x0000000000000121 is an unknown value
RSI=0x00000000000002b0 is an unknown value
RDI=0x0000000057f5c9d0 is pointing into the stack for thread: 0x00000000563c3800
R8 =0x0000000000000010 is an unknown value
R9 =0x0000000000000080 is an unknown value
R10=0x0400400010000fe0 is an unknown value
R11=0x0000000000000000 is an unknown value
R12=0x0000000057f5eb10 is pointing into the stack for thread: 0x00000000563c3800
R13=0x000000005ce8cc70 is an unknown value
R14=0x0000000057f5eb10 is pointing into the stack for thread: 0x00000000563c3800
R15=0x000000005ce94c58 is an unknown value


Stack: [0x0000000057e60000,0x0000000057f60000],  sp=0x0000000057f5be00,  free space=1007k
Native frames: (J=compiled Java code, j=interpreted, Vv=VM code, C=native code)
V  [jvm.dll+0x4d7e81]
V  [jvm.dll+0x43e3e3]
V  [jvm.dll+0x43fef2]
V  [jvm.dll+0x423242]
V  [jvm.dll+0x80b29]
V  [jvm.dll+0x8145f]
V  [jvm.dll+0x21be7f]
V  [jvm.dll+0x26c13a]
C  [msvcr100.dll+0x21d9f]
C  [msvcr100.dll+0x21e3b]
C  [kernel32.dll+0x1652d]
C  [ntdll.dll+0x2c521]


Current CompileTask:
C2:1649016 16613       4       com.sun.tools.javac.jvm.ClassWriter::writeMemberAttrs (154 bytes)


---------------  P R O C E S S  ---------------

Java Threads: ( => current thread )
  0x000000005f810000 JavaThread "pool-71-thread-1" [_thread_blocked, id=7104, stack(0x0000000064210000,0x0000000064310000)]
  0x000000005f811800 JavaThread "Cache update executor" [_thread_blocked, id=4900, stack(0x0000000064100000,0x0000000064200000)]
  0x000000005ea78000 JavaThread "Stdin handler" [_thread_blocked, id=6244, stack(0x00000000639b0000,0x0000000063ab0000)]
  0x000000005ea7c000 JavaThread "Asynchronous log dispatcher for DefaultDaemonConnection: socket connection from /127.0.0.1:59840 to /127.0.0.1:61128" [_thread_blocked, id=7148, stack(0x0000000063800000,0x0000000063900000)]
  0x000000005ea7b000 JavaThread "Cancel handler" [_thread_blocked, id=4960, stack(0x000000005acc0000,0x000000005adc0000)]
  0x000000005ea7a800 JavaThread "Handler for socket connection from /127.0.0.1:59840 to /127.0.0.1:61128" [_thread_in_native, id=9116, stack(0x000000005a820000,0x000000005a920000)]
  0x000000005ea7c800 JavaThread "Daemon worker Thread 3" [_thread_in_native, id=5180, stack(0x000000005c820000,0x000000005c920000)]
  0x000000005ea79800 JavaThread "Daemon Thread 3" [_thread_blocked, id=5640, stack(0x000000005a920000,0x000000005aa20000)]
  0x00000000606f8800 JavaThread "pool-5-thread-4" [_thread_blocked, id=6796, stack(0x0000000064590000,0x0000000064690000)]
  0x00000000606f2800 JavaThread "pool-5-thread-3" [_thread_blocked, id=7268, stack(0x0000000063fe0000,0x00000000640e0000)]
  0x000000005ea7e000 JavaThread "pool-5-thread-2" [_thread_blocked, id=6444, stack(0x0000000063dc0000,0x0000000063ec0000)]
  0x000000005ea7d800 JavaThread "pool-5-thread-1" [_thread_blocked, id=7528, stack(0x0000000063bb0000,0x0000000063cb0000)]
  0x000000005ea77800 JavaThread "File lock request listener" [_thread_in_native, id=6236, stack(0x00000000584d0000,0x00000000585d0000)]
  0x0000000058914800 JavaThread "pool-1-thread-1" [_thread_blocked, id=9028, stack(0x000000005aa60000,0x000000005ab60000)]
  0x00000000593c9800 JavaThread "Incoming local TCP Connector on port 59840" [_thread_in_native, id=1284, stack(0x000000005a520000,0x000000005a620000)]
  0x0000000057fdb800 JavaThread "Service Thread" daemon [_thread_blocked, id=7712, stack(0x00000000583d0000,0x00000000584d0000)]
  0x00000000563c5800 JavaThread "C1 CompilerThread2" daemon [_thread_blocked, id=8168, stack(0x0000000057580000,0x0000000057680000)]
=>0x00000000563c3800 JavaThread "C2 CompilerThread1" daemon [_thread_in_native, id=8292, stack(0x0000000057e60000,0x0000000057f60000)]
  0x00000000563cf800 JavaThread "C2 CompilerThread0" daemon [_thread_in_native, id=3936, stack(0x0000000057c40000,0x0000000057d40000)]
  0x00000000563cd800 JavaThread "Attach Listener" daemon [_thread_blocked, id=7312, stack(0x0000000057a40000,0x0000000057b40000)]
  0x00000000563cc000 JavaThread "Signal Dispatcher" daemon [_thread_blocked, id=4596, stack(0x0000000057870000,0x0000000057970000)]
  0x00000000563a9000 JavaThread "Finalizer" daemon [_thread_blocked, id=5784, stack(0x00000000576e0000,0x00000000577e0000)]
  0x0000000056361800 JavaThread "Reference Handler" daemon [_thread_blocked, id=7284, stack(0x0000000057480000,0x0000000057580000)]
  0x000000000233d800 JavaThread "main" [_thread_blocked, id=8740, stack(0x0000000002340000,0x0000000002440000)]

Other Threads:
  0x0000000056358000 VMThread [stack: 0x0000000057330000,0x0000000057430000] [id=8400]
  0x0000000057fdc800 WatcherThread [stack: 0x00000000585d0000,0x00000000586d0000] [id=5184]

VM state:not at safepoint (normal execution)

VM Mutex/Monitor currently owned by a thread: None

Heap:
 PSYoungGen      total 473600K, used 401502K [0x00000000e0000000, 0x0000000100000000, 0x0000000100000000)
  eden space 444928K, 89% used [0x00000000e0000000,0x00000000f835a200,0x00000000fb280000)
  from space 28672K, 16% used [0x00000000fb280000,0x00000000fb73d7a8,0x00000000fce80000)
  to   space 27648K, 0% used [0x00000000fe500000,0x00000000fe500000,0x0000000100000000)
 ParOldGen       total 133120K, used 102490K [0x00000000a0000000, 0x00000000a8200000, 0x00000000e0000000)
  object space 133120K, 76% used [0x00000000a0000000,0x00000000a6416928,0x00000000a8200000)
 Metaspace       used 69141K, capacity 71796K, committed 71936K, reserved 1112064K
  class space    used 8647K, capacity 9136K, committed 9216K, reserved 1048576K

Card table byte_map: [0x0000000011c30000,0x0000000011f40000] byte_map_base: 0x0000000011730000

Marking Bits: (ParMarkBitMap*) 0x00000000632e18f0
 Begin Bits: [0x00000000126d0000, 0x0000000013ed0000)
 End Bits:   [0x0000000013ed0000, 0x00000000156d0000)

Polling page: 0x0000000000230000

CodeCache: size=245760Kb used=47056Kb max_used=47076Kb free=198703Kb
 bounds [0x0000000002870000, 0x00000000056b0000, 0x0000000011870000]
 total_blobs=14150 nmethods=13356 adapters=705
 compilation: enabled

Compilation events (10 events):
Event: 1648.143 Thread 0x00000000563c5800 16618       3       com.sun.tools.javac.comp.TransTypes::visitClassDef (14 bytes)
Event: 1648.143 Thread 0x00000000563c5800 nmethod 16618 0x0000000005673f90 code [0x0000000005674100, 0x00000000056742e8]
Event: 1648.143 Thread 0x00000000563c5800 16619   !   3       com.sun.tools.javac.comp.Lower$1::visitClassDef (35 bytes)
Event: 1648.143 Thread 0x00000000563c5800 nmethod 16619 0x0000000005673ad0 code [0x0000000005673c40, 0x0000000005673e88]
Event: 1648.143 Thread 0x00000000563c5800 16621   !   3       com.sun.tools.javac.jvm.ClassWriter::writeClass (115 bytes)
Event: 1648.145 Thread 0x00000000563c5800 nmethod 16621 0x000000000567d610 code [0x000000000567d960, 0x000000000567f208]
Event: 1648.145 Thread 0x00000000563c5800 16622       3       java.net.URI::normalize (115 bytes)
Event: 1648.146 Thread 0x00000000563c5800 nmethod 16622 0x0000000005671c90 code [0x0000000005671e20, 0x00000000056723f8]
Event: 1648.150 Thread 0x00000000563c3800 nmethod 16607 0x0000000005684110 code [0x00000000056845a0, 0x0000000005686a00]
Event: 1648.150 Thread 0x00000000563c3800 16613       4       com.sun.tools.javac.jvm.ClassWriter::writeMemberAttrs (154 bytes)

GC Heap History (10 events):
Event: 57.862 GC heap before
{Heap before GC invocations=20 (full 3):
 PSYoungGen      total 309760K, used 289450K [0x00000000e0000000, 0x00000000f5080000, 0x0000000100000000)
  eden space 276480K, 99% used [0x00000000e0000000,0x00000000f0dd23a8,0x00000000f0e00000)
  from space 33280K, 39% used [0x00000000f2c80000,0x00000000f39587e0,0x00000000f4d00000)
  to   space 31232K, 0% used [0x00000000f0e00000,0x00000000f0e00000,0x00000000f2c80000)
 ParOldGen       total 133120K, used 82426K [0x00000000a0000000, 0x00000000a8200000, 0x00000000e0000000)
  object space 133120K, 61% used [0x00000000a0000000,0x00000000a507eb60,0x00000000a8200000)
 Metaspace       used 63683K, capacity 65760K, committed 65920K, reserved 1105920K
  class space    used 8320K, capacity 8775K, committed 8832K, reserved 1048576K
Event: 57.878 GC heap after
Heap after GC invocations=20 (full 3):
 PSYoungGen      total 307712K, used 828K [0x00000000e0000000, 0x00000000fa000000, 0x0000000100000000)
  eden space 276480K, 0% used [0x00000000e0000000,0x00000000e0000000,0x00000000f0e00000)
  from space 31232K, 2% used [0x00000000f0e00000,0x00000000f0ecf338,0x00000000f2c80000)
  to   space 31744K, 0% used [0x00000000f8100000,0x00000000f8100000,0x00000000fa000000)
 ParOldGen       total 133120K, used 91883K [0x00000000a0000000, 0x00000000a8200000, 0x00000000e0000000)
  object space 133120K, 69% used [0x00000000a0000000,0x00000000a59bad70,0x00000000a8200000)
 Metaspace       used 63683K, capacity 65760K, committed 65920K, reserved 1105920K
  class space    used 8320K, capacity 8775K, committed 8832K, reserved 1048576K
}
Event: 369.263 GC heap before
{Heap before GC invocations=21 (full 3):
 PSYoungGen      total 307712K, used 277308K [0x00000000e0000000, 0x00000000fa000000, 0x0000000100000000)
  eden space 276480K, 100% used [0x00000000e0000000,0x00000000f0e00000,0x00000000f0e00000)
  from space 31232K, 2% used [0x00000000f0e00000,0x00000000f0ecf338,0x00000000f2c80000)
  to   space 31744K, 0% used [0x00000000f8100000,0x00000000f8100000,0x00000000fa000000)
 ParOldGen       total 133120K, used 91883K [0x00000000a0000000, 0x00000000a8200000, 0x00000000e0000000)
  object space 133120K, 69% used [0x00000000a0000000,0x00000000a59bad70,0x00000000a8200000)
 Metaspace       used 66555K, capacity 68726K, committed 68864K, reserved 1110016K
  class space    used 8494K, capacity 8942K, committed 8960K, reserved 1048576K
Event: 369.315 GC heap after
Heap after GC invocations=21 (full 3):
 PSYoungGen      total 379904K, used 10781K [0x00000000e0000000, 0x00000000f9780000, 0x0000000100000000)
  eden space 356864K, 0% used [0x00000000e0000000,0x00000000e0000000,0x00000000f5c80000)
  from space 23040K, 46% used [0x00000000f8100000,0x00000000f8b87708,0x00000000f9780000)
  to   space 30208K, 0% used [0x00000000f5c80000,0x00000000f5c80000,0x00000000f7a00000)
 ParOldGen       total 133120K, used 92047K [0x00000000a0000000, 0x00000000a8200000, 0x00000000e0000000)
  object space 133120K, 69% used [0x00000000a0000000,0x00000000a59e3dc8,0x00000000a8200000)
 Metaspace       used 66555K, capacity 68726K, committed 68864K, reserved 1110016K
  class space    used 8494K, capacity 8942K, committed 8960K, reserved 1048576K
}
Event: 371.214 GC heap before
{Heap before GC invocations=22 (full 3):
 PSYoungGen      total 379904K, used 367645K [0x00000000e0000000, 0x00000000f9780000, 0x0000000100000000)
  eden space 356864K, 100% used [0x00000000e0000000,0x00000000f5c80000,0x00000000f5c80000)
  from space 23040K, 46% used [0x00000000f8100000,0x00000000f8b87708,0x00000000f9780000)
  to   space 30208K, 0% used [0x00000000f5c80000,0x00000000f5c80000,0x00000000f7a00000)
 ParOldGen       total 133120K, used 92047K [0x00000000a0000000, 0x00000000a8200000, 0x00000000e0000000)
  object space 133120K, 69% used [0x00000000a0000000,0x00000000a59e3dc8,0x00000000a8200000)
 Metaspace       used 66637K, capacity 68808K, committed 68864K, reserved 1110016K
  class space    used 8495K, capacity 8945K, committed 8960K, reserved 1048576K
Event: 371.229 GC heap after
Heap after GC invocations=22 (full 3):
 PSYoungGen      total 387072K, used 1691K [0x00000000e0000000, 0x00000000ff700000, 0x0000000100000000)
  eden space 356864K, 0% used [0x00000000e0000000,0x00000000e0000000,0x00000000f5c80000)
  from space 30208K, 5% used [0x00000000f5c80000,0x00000000f5e26fa8,0x00000000f7a00000)
  to   space 30208K, 0% used [0x00000000fd980000,0x00000000fd980000,0x00000000ff700000)
 ParOldGen       total 133120K, used 97085K [0x00000000a0000000, 0x00000000a8200000, 0x00000000e0000000)
  object space 133120K, 72% used [0x00000000a0000000,0x00000000a5ecf530,0x00000000a8200000)
 Metaspace       used 66637K, capacity 68808K, committed 68864K, reserved 1110016K
  class space    used 8495K, capacity 8945K, committed 8960K, reserved 1048576K
}
Event: 1607.411 GC heap before
{Heap before GC invocations=23 (full 3):
 PSYoungGen      total 387072K, used 358555K [0x00000000e0000000, 0x00000000ff700000, 0x0000000100000000)
  eden space 356864K, 100% used [0x00000000e0000000,0x00000000f5c80000,0x00000000f5c80000)
  from space 30208K, 5% used [0x00000000f5c80000,0x00000000f5e26fa8,0x00000000f7a00000)
  to   space 30208K, 0% used [0x00000000fd980000,0x00000000fd980000,0x00000000ff700000)
 ParOldGen       total 133120K, used 97085K [0x00000000a0000000, 0x00000000a8200000, 0x00000000e0000000)
  object space 133120K, 72% used [0x00000000a0000000,0x00000000a5ecf530,0x00000000a8200000)
 Metaspace       used 68464K, capacity 70890K, committed 71168K, reserved 1112064K
  class space    used 8616K, capacity 9089K, committed 9216K, reserved 1048576K
Event: 1607.431 GC heap after
Heap after GC invocations=23 (full 3):
 PSYoungGen      total 462336K, used 8082K [0x00000000e0000000, 0x00000000fea80000, 0x0000000100000000)
  eden space 444928K, 0% used [0x00000000e0000000,0x00000000e0000000,0x00000000fb280000)
  from space 17408K, 46% used [0x00000000fd980000,0x00000000fe164b80,0x00000000fea80000)
  to   space 28672K, 0% used [0x00000000fb280000,0x00000000fb280000,0x00000000fce80000)
 ParOldGen       total 133120K, used 97322K [0x00000000a0000000, 0x00000000a8200000, 0x00000000e0000000)
  object space 133120K, 73% used [0x00000000a0000000,0x00000000a5f0a808,0x00000000a8200000)
 Metaspace       used 68464K, capacity 70890K, committed 71168K, reserved 1112064K
  class space    used 8616K, capacity 9089K, committed 9216K, reserved 1048576K
}
Event: 1610.111 GC heap before
{Heap before GC invocations=24 (full 3):
 PSYoungGen      total 462336K, used 453010K [0x00000000e0000000, 0x00000000fea80000, 0x0000000100000000)
  eden space 444928K, 100% used [0x00000000e0000000,0x00000000fb280000,0x00000000fb280000)
  from space 17408K, 46% used [0x00000000fd980000,0x00000000fe164b80,0x00000000fea80000)
  to   space 28672K, 0% used [0x00000000fb280000,0x00000000fb280000,0x00000000fce80000)
 ParOldGen       total 133120K, used 97322K [0x00000000a0000000, 0x00000000a8200000, 0x00000000e0000000)
  object space 133120K, 73% used [0x00000000a0000000,0x00000000a5f0a808,0x00000000a8200000)
 Metaspace       used 68601K, capacity 71028K, committed 71168K, reserved 1112064K
  class space    used 8618K, capacity 9090K, committed 9216K, reserved 1048576K
Event: 1610.125 GC heap after
Heap after GC invocations=24 (full 3):
 PSYoungGen      total 473600K, used 4853K [0x00000000e0000000, 0x0000000100000000, 0x0000000100000000)
  eden space 444928K, 0% used [0x00000000e0000000,0x00000000e0000000,0x00000000fb280000)
  from space 28672K, 16% used [0x00000000fb280000,0x00000000fb73d7a8,0x00000000fce80000)
  to   space 27648K, 0% used [0x00000000fe500000,0x00000000fe500000,0x0000000100000000)
 ParOldGen       total 133120K, used 102490K [0x00000000a0000000, 0x00000000a8200000, 0x00000000e0000000)
  object space 133120K, 76% used [0x00000000a0000000,0x00000000a6416928,0x00000000a8200000)
 Metaspace       used 68601K, capacity 71028K, committed 71168K, reserved 1112064K
  class space    used 8618K, capacity 9090K, committed 9216K, reserved 1048576K
}

Deoptimization events (10 events):
Event: 1646.028 Thread 0x000000005ea7c800 Uncommon trap: reason=bimorphic action=maybe_recompile pc=0x00000000051792ec method=com.sun.org.apache.xerces.internal.dom.CoreDocumentImpl.isKidOK(Lorg/w3c/dom/Node;Lorg/w3c/dom/Node;)Z @ 39
Event: 1646.029 Thread 0x000000005ea7c800 Uncommon trap: reason=null_check action=make_not_entrant pc=0x00000000051b9a24 method=com.android.ide.common.res2.NodeUtils.processSingleNodeNamespace(Lorg/w3c/dom/Node;Lorg/w3c/dom/Document;)Z @ 8
Event: 1646.029 Thread 0x000000005ea7c800 Uncommon trap: reason=null_check action=make_not_entrant pc=0x0000000005186b48 method=com.android.ide.common.res2.NodeUtils.processSingleNodeNamespace(Lorg/w3c/dom/Node;Lorg/w3c/dom/Document;)Z @ 8
Event: 1646.058 Thread 0x000000005ea7c800 Uncommon trap: reason=null_check action=make_not_entrant pc=0x000000000439e874 method=com.sun.org.apache.xerces.internal.dom.NamedNodeMapImpl.findNamePoint(Ljava/lang/String;Ljava/lang/String;)I @ 105
Event: 1647.463 Thread 0x000000005ea7c800 Uncommon trap: reason=unstable_if action=reinterpret pc=0x00000000030ddf50 method=java.lang.StringCoding$StringDecoder.decode([BII)[C @ 20
Event: 1647.609 Thread 0x000000005ea7c800 Uncommon trap: reason=bimorphic action=maybe_recompile pc=0x0000000002ba027c method=com.sun.tools.javac.comp.Annotate.flush()V @ 38
Event: 1647.622 Thread 0x000000005ea7c800 Uncommon trap: reason=null_check action=make_not_entrant pc=0x00000000053671ac method=com.sun.tools.javac.comp.TransTypes.visitVarDef(Lcom/sun/tools/javac/tree/JCTree$JCVariableDecl;)V @ 36
Event: 1647.645 Thread 0x000000005ea7c800 Uncommon trap: reason=unstable_if action=reinterpret pc=0x0000000005320f20 method=com.sun.tools.javac.comp.Lower.boxIfNeeded(Lcom/sun/tools/javac/tree/JCTree;Lcom/sun/tools/javac/code/Type;)Lcom/sun/tools/javac/tree/JCTree; @ 13
Event: 1647.766 Thread 0x000000005ea7c800 Uncommon trap: reason=bimorphic action=maybe_recompile pc=0x00000000055fc930 method=java.util.Collections.indexedBinarySearch(Ljava/util/List;Ljava/lang/Object;)I @ 39
Event: 1647.779 Thread 0x000000005ea7c800 Uncommon trap: reason=bimorphic action=maybe_recompile pc=0x00000000055fc930 method=java.util.Collections.indexedBinarySearch(Ljava/util/List;Ljava/lang/Object;)I @ 39

Internal exceptions (10 events):
Event: 1596.870 Thread 0x000000005ea7c800 Implicit null exception at 0x00000000049d1269 to 0x00000000049d1479
Event: 1596.870 Thread 0x000000005ea7c800 Implicit null exception at 0x00000000041328d9 to 0x0000000004133aa1
Event: 1596.870 Thread 0x000000005ea7c800 Implicit null exception at 0x000000000303ee4a to 0x000000000303ee9d
Event: 1605.674 Thread 0x000000005ea7c800 Exception <a 'java/lang/NoSuchMethodError': java.lang.Object.lambda$asRunnable$0(Lcom/android/apkzlib/utils/IOExceptionRunnable;)V> (0x00000000ef110e90) thrown at [C:\src\android\AOSP-openjdk\external\jetbrains\jdk\hotspot\src\share\vm\interpreter\linkReso“ÕH˜)™@
Event: 1610.398 Thread 0x000000005ea7c800 Exception <a 'sun/nio/fs/WindowsException'> (0x00000000ecbfd800) thrown at [C:\src\android\AOSP-openjdk\external\jetbrains\jdk\hotspot\src\share\vm\prims\jni.cpp, line 709]
Event: 1644.978 Thread 0x000000005ea7c800 Exception <a 'java/lang/ClassNotFoundException': asLocalRepo6397_3eli5ccbse1q36npg1qs28xt9BeanInfo> (0x00000000ed7efa00) thrown at [C:\src\android\AOSP-openjdk\external\jetbrains\jdk\hotspot\src\share\vm\classfile\systemDictionary.cpp, line 210]
Event: 1644.978 Thread 0x000000005ea7c800 Exception <a 'java/lang/ClassNotFoundException': asLocalRepo6397_3eli5ccbse1q36npg1qs28xt9Customizer> (0x00000000ed7fb030) thrown at [C:\src\android\AOSP-openjdk\external\jetbrains\jdk\hotspot\src\share\vm\classfile\systemDictionary.cpp, line 210]
Event: 1646.029 Thread 0x000000005ea7c800 Implicit null exception at 0x00000000051b25ff to 0x00000000051b9a09
Event: 1646.029 Thread 0x000000005ea7c800 Implicit null exception at 0x00000000051858db to 0x0000000005186b39
Event: 1646.058 Thread 0x000000005ea7c800 Implicit null exception at 0x000000000439e50c to 0x000000000439e85f

Events (10 events):
Event: 1647.645 Thread 0x000000005ea7c800 DEOPT PACKING pc=0x0000000005320f20 sp=0x000000005c91aa60
Event: 1647.645 Thread 0x000000005ea7c800 DEOPT UNPACKING pc=0x00000000028b556a sp=0x000000005c91a9e8 mode 2
Event: 1647.766 Thread 0x000000005ea7c800 Uncommon trap: trap_request=0xffffffc6 fr.pc=0x00000000055fc930
Event: 1647.766 Thread 0x000000005ea7c800 DEOPT PACKING pc=0x00000000055fc930 sp=0x000000005c919db0
Event: 1647.766 Thread 0x000000005ea7c800 DEOPT UNPACKING pc=0x00000000028b556a sp=0x000000005c919a70 mode 2
Event: 1647.779 Thread 0x000000005ea7c800 Uncommon trap: trap_request=0xffffffc6 fr.pc=0x00000000055fc930
Event: 1647.779 Thread 0x000000005ea7c800 DEOPT PACKING pc=0x00000000055fc930 sp=0x000000005c91a340
Event: 1647.779 Thread 0x000000005ea7c800 DEOPT UNPACKING pc=0x00000000028b556a sp=0x000000005c91a000 mode 2
Event: 1648.011 Thread 0x000000005ea7c800 DEOPT PACKING pc=0x00000000041b21d5 sp=0x000000005c91b440
Event: 1648.011 Thread 0x000000005ea7c800 DEOPT UNPACKING pc=0x00000000028b75bf sp=0x000000005c91b1f8 mode 0


Dynamic libraries:
0x000000013f0a0000 - 0x000000013f0d1000 	C:\Program Files\Android\Android Studio\jre\bin\java.exe
0x0000000077200000 - 0x00000000773a9000 	C:\Windows\SYSTEM32\ntdll.dll
0x0000000076fe0000 - 0x00000000770ff000 	C:\Windows\system32\kernel32.dll
0x000007fefd410000 - 0x000007fefd47c000 	C:\Windows\system32\KERNELBASE.dll
0x000007fefea50000 - 0x000007fefeb2b000 	C:\Windows\system32\ADVAPI32.dll
0x000007fefee40000 - 0x000007fefeedf000 	C:\Windows\system32\msvcrt.dll
0x000007fefe500000 - 0x000007fefe51f000 	C:\Windows\SYSTEM32\sechost.dll
0x000007feff020000 - 0x000007feff14d000 	C:\Windows\system32\RPCRT4.dll
0x0000000077100000 - 0x00000000771fa000 	C:\Windows\system32\USER32.dll
0x000007fefedd0000 - 0x000007fefee37000 	C:\Windows\system32\GDI32.dll
0x000007feff010000 - 0x000007feff01e000 	C:\Windows\system32\LPK.dll
0x000007fefe2b0000 - 0x000007fefe379000 	C:\Windows\system32\USP10.dll
0x000007fefc8f0000 - 0x000007fefcae4000 	C:\Windows\WinSxS\amd64_microsoft.windows.common-controls_6595b64144ccf1df_6.0.7601.17514_none_fa396087175ac9ac\COMCTL32.dll
0x000007fefe480000 - 0x000007fefe4f1000 	C:\Windows\system32\SHLWAPI.dll
0x000007fefe530000 - 0x000007fefe55e000 	C:\Windows\system32\IMM32.DLL
0x000007feff150000 - 0x000007feff259000 	C:\Windows\system32\MSCTF.dll
0x000000005c950000 - 0x000000005ca22000 	C:\Program Files\Android\Android Studio\jre\jre\bin\msvcr100.dll
0x0000000062b20000 - 0x000000006335c000 	C:\Program Files\Android\Android Studio\jre\jre\bin\server\jvm.dll
0x000007fee5fc0000 - 0x000007fee5fc9000 	C:\Windows\system32\WSOCK32.dll
0x000007feff260000 - 0x000007feff2ad000 	C:\Windows\system32\WS2_32.dll
0x000007fefe520000 - 0x000007fefe528000 	C:\Windows\system32\NSI.dll
0x000007fefa290000 - 0x000007fefa2cb000 	C:\Windows\system32\WINMM.dll
0x000007fefbc30000 - 0x000007fefbc3c000 	C:\Windows\system32\VERSION.dll
0x00000000773c0000 - 0x00000000773c7000 	C:\Windows\system32\PSAPI.DLL
0x000007feed540000 - 0x000007feed54f000 	C:\Program Files\Android\Android Studio\jre\jre\bin\verify.dll
0x000007fed24d0000 - 0x000007fed24f9000 	C:\Program Files\Android\Android Studio\jre\jre\bin\java.dll
0x000007fed2620000 - 0x000007fed2636000 	C:\Program Files\Android\Android Studio\jre\jre\bin\zip.dll
0x000007fefd520000 - 0x000007fefe2a8000 	C:\Windows\system32\SHELL32.dll
0x000007fefe840000 - 0x000007fefea43000 	C:\Windows\system32\ole32.dll
0x000007fefd150000 - 0x000007fefd15f000 	C:\Windows\system32\profapi.dll
0x000007fedc810000 - 0x000007fedc82a000 	C:\Program Files\Android\Android Studio\jre\jre\bin\net.dll
0x000007fefc740000 - 0x000007fefc795000 	C:\Windows\system32\mswsock.dll
0x000007fefc730000 - 0x000007fefc737000 	C:\Windows\System32\wship6.dll
0x000007feca070000 - 0x000007feca081000 	C:\Program Files\Android\Android Studio\jre\jre\bin\nio.dll
0x000007fec9720000 - 0x000007fec973e000 	C:\Users\titan\.gradle\native\23\windows-amd64\native-platform.dll
0x000007fefc7a0000 - 0x000007fefc7b7000 	C:\Windows\system32\CRYPTSP.dll
0x000007fefc4a0000 - 0x000007fefc4e7000 	C:\Windows\system32\rsaenh.dll
0x000007fefbfe0000 - 0x000007fefbffe000 	C:\Windows\system32\USERENV.dll
0x000007fefd080000 - 0x000007fefd08f000 	C:\Windows\system32\CRYPTBASE.dll
0x000007fef8ca0000 - 0x000007fef8cc7000 	C:\Windows\system32\IPHLPAPI.DLL
0x000007fef8c80000 - 0x000007fef8c8b000 	C:\Windows\system32\WINNSI.DLL
0x000007fef8a80000 - 0x000007fef8a98000 	C:\Windows\system32\dhcpcsvc.DLL
0x000007fef9d60000 - 0x000007fef9d71000 	C:\Windows\system32\dhcpcsvc6.DLL
0x000007fef2c20000 - 0x000007fef2c2d000 	C:\Program Files\Android\Android Studio\jre\jre\bin\management.dll
0x000007fefd020000 - 0x000007fefd077000 	C:\Windows\system32\apphelp.dll
0x000007fec9d20000 - 0x000007fec9d44000 	C:\Program Files\Android\Android Studio\jre\jre\bin\sunec.dll
0x000007fed2610000 - 0x000007fed261b000 	C:\Program Files\Android\Android Studio\jre\jre\bin\sunmscapi.dll
0x000007fefd2a0000 - 0x000007fefd407000 	C:\Windows\system32\CRYPT32.dll
0x000007fefd1f0000 - 0x000007fefd1ff000 	C:\Windows\system32\MSASN1.dll
0x000007fef3e80000 - 0x000007fef3fa5000 	C:\Windows\system32\dbghelp.dll

VM Arguments:
jvm_args: -Xmx1536m -Dfile.encoding=windows-1252 -Duser.country=US -Duser.language=en -Duser.variant 
java_command: org.gradle.launcher.daemon.bootstrap.GradleDaemon 3.3
java_class_path (initial): C:\Users\titan\.gradle\wrapper\dists\gradle-3.3-all\55gk2rcmfc6p2dg9u9ohc3hw9\gradle-3.3\lib\gradle-launcher-3.3.jar
Launcher Type: SUN_STANDARD

Environment Variables:
JAVA_HOME=C:\Program Files\Java\jdk-9.0.1
PATH=C:\ProgramData\Oracle\Java\javapath;C:\Program Files\Dell\DW WLAN Card;C:\Program Files\MiKTeX 2.9\miktex\bin\x64\;C:\Program Files (x86)\GtkSharp\2.12\bin
USERNAME=titan
OS=Windows_NT
PROCESSOR_IDENTIFIER=Intel64 Family 6 Model 42 Stepping 7, GenuineIntel



---------------  S Y S T E M  ---------------

OS: Windows 7 , 64 bit Build 7601 (6.1.7601.17617)

CPU:total 4 (2 cores per cpu, 2 threads per core) family 6 model 42 stepping 7, cmov, cx8, fxsr, mmx, sse, sse2, sse3, ssse3, sse4.1, sse4.2, popcnt, avx, aes, clmul, ht, tsc, tscinvbit

Memory: 4k page, physical 8294680k(825228k free), swap 16587512k(6271772k free)

vm_info: OpenJDK 64-Bit Server VM (25.112-b06) for windows-amd64 JRE (1.8.0_112-release-b06), built on Dec  8 2016 00:54:26 by "builder" with MS VC++ 10.0 (VS2010)

time: Wed Dec 13 13:47:15 2017
elapsed time: 1648 seconds (0d 0h 27m 28s)

